[ 2016-10-04T13:14:11+08:00 ] 127.0.0.1 /ThinkPHP/ThinkPHP/index.php/admin/login/Application/Admin/Public/css/User_Login.css
ERR: 非法操作:application

[ 2016-10-04T13:33:23+08:00 ] 127.0.0.1 /ThinkPHP/ThinkPHP/index.php/admin/Manager/Application/Admin/Public/css/admin.css
ERR: 非法操作:application

[ 2016-10-04T13:34:12+08:00 ] 127.0.0.1 /ThinkPHP/ThinkPHP/index.php/admin/Manager/Application/Admin/Public/css/admin.css
ERR: 非法操作:application

[ 2016-10-04T13:34:38+08:00 ] 127.0.0.1 /ThinkPHP/ThinkPHP/index.php/admin/Manager/index
INFO: [ app_init ] --START--
INFO: Run Behavior\BuildLiteBehavior [ RunTime:0.000018s ]
INFO: [ app_init ] --END-- [ RunTime:0.000417s ]
INFO: [ app_begin ] --START--
INFO: Run Behavior\ReadHtmlCacheBehavior [ RunTime:0.000928s ]
INFO: [ app_begin ] --END-- [ RunTime:0.001030s ]
INFO: [ view_parse ] --START--
INFO: [ template_filter ] --START--
INFO: Run Behavior\ContentReplaceBehavior [ RunTime:0.000079s ]
INFO: [ template_filter ] --END-- [ RunTime:0.000196s ]
INFO: Run Behavior\ParseTemplateBehavior [ RunTime:0.011441s ]
INFO: [ view_parse ] --END-- [ RunTime:0.011545s ]
INFO: [ view_filter ] --START--
INFO: Run Behavior\WriteHtmlCacheBehavior [ RunTime:0.000379s ]
INFO: [ view_filter ] --END-- [ RunTime:0.000433s ]
INFO: [ app_end ] --START--
INFO: Run Behavior\ShowPageTraceBehavior [ RunTime:0.000571s ]
INFO: [ app_end ] --END-- [ RunTime:0.000624s ]

[ 2016-10-04T13:34:39+08:00 ] 127.0.0.1 /ThinkPHP/ThinkPHP/index.php/admin/Manager/left.html
INFO: [ app_init ] --START--
INFO: Run Behavior\BuildLiteBehavior [ RunTime:0.000026s ]
INFO: [ app_init ] --END-- [ RunTime:0.000543s ]
INFO: [ app_begin ] --START--
INFO: Run Behavior\ReadHtmlCacheBehavior [ RunTime:0.000874s ]
INFO: [ app_begin ] --END-- [ RunTime:0.000992s ]
INFO: [ view_parse ] --START--
INFO: [ template_filter ] --START--
INFO: Run Behavior\ContentReplaceBehavior [ RunTime:0.000180s ]
INFO: [ template_filter ] --END-- [ RunTime:0.000341s ]
INFO: Run Behavior\ParseTemplateBehavior [ RunTime:0.098748s ]
INFO: [ view_parse ] --END-- [ RunTime:0.098915s ]
INFO: [ view_filter ] --START--
INFO: Run Behavior\WriteHtmlCacheBehavior [ RunTime:0.000679s ]
INFO: [ view_filter ] --END-- [ RunTime:0.000784s ]
INFO: [ app_end ] --START--
INFO: Run Behavior\ShowPageTraceBehavior [ RunTime:0.001480s ]
INFO: [ app_end ] --END-- [ RunTime:0.001649s ]

[ 2016-10-04T13:34:39+08:00 ] 127.0.0.1 /ThinkPHP/ThinkPHP/index.php/admin/Manager/head.html
INFO: [ app_init ] --START--
INFO: Run Behavior\BuildLiteBehavior [ RunTime:0.000026s ]
INFO: [ app_init ] --END-- [ RunTime:0.000514s ]
INFO: [ app_begin ] --START--
INFO: Run Behavior\ReadHtmlCacheBehavior [ RunTime:0.000674s ]
INFO: [ app_begin ] --END-- [ RunTime:0.000782s ]
INFO: [ view_parse ] --START--
INFO: [ template_filter ] --START--
INFO: Run Behavior\ContentReplaceBehavior [ RunTime:0.000068s ]
INFO: [ template_filter ] --END-- [ RunTime:0.000178s ]
INFO: Run Behavior\ParseTemplateBehavior [ RunTime:0.025057s ]
INFO: [ view_parse ] --END-- [ RunTime:0.025176s ]
INFO: [ view_filter ] --START--
INFO: Run Behavior\WriteHtmlCacheBehavior [ RunTime:0.000343s ]
INFO: [ view_filter ] --END-- [ RunTime:0.000415s ]
INFO: [ app_end ] --START--
INFO: Run Behavior\ShowPageTraceBehavior [ RunTime:0.000633s ]
INFO: [ app_end ] --END-- [ RunTime:0.000708s ]

[ 2016-10-04T13:34:39+08:00 ] 127.0.0.1 /ThinkPHP/ThinkPHP/index.php/admin/Manager/right.html
INFO: [ app_init ] --START--
INFO: Run Behavior\BuildLiteBehavior [ RunTime:0.000022s ]
INFO: [ app_init ] --END-- [ RunTime:0.000573s ]
INFO: [ app_begin ] --START--
INFO: Run Behavior\ReadHtmlCacheBehavior [ RunTime:0.000527s ]
INFO: [ app_begin ] --END-- [ RunTime:0.000595s ]
INFO: [ view_parse ] --START--
INFO: [ template_filter ] --START--
INFO: Run Behavior\ContentReplaceBehavior [ RunTime:0.000092s ]
INFO: [ template_filter ] --END-- [ RunTime:0.000253s ]
INFO: Run Behavior\ParseTemplateBehavior [ RunTime:0.017760s ]
INFO: [ view_parse ] --END-- [ RunTime:0.017869s ]
INFO: [ view_filter ] --START--
INFO: Run Behavior\WriteHtmlCacheBehavior [ RunTime:0.000253s ]
INFO: [ view_filter ] --END-- [ RunTime:0.000303s ]
INFO: [ app_end ] --START--
INFO: Run Behavior\ShowPageTraceBehavior [ RunTime:0.000447s ]
INFO: [ app_end ] --END-- [ RunTime:0.000498s ]

[ 2016-10-04T13:34:39+08:00 ] 127.0.0.1 /ThinkPHP/ThinkPHP/index.php/admin/Manager/Application/Admin/Public/css/admin.css
INFO: [ app_init ] --START--
INFO: Run Behavior\BuildLiteBehavior [ RunTime:0.000017s ]
INFO: [ app_init ] --END-- [ RunTime:0.000357s ]
INFO: [ app_begin ] --START--
INFO: Run Behavior\ReadHtmlCacheBehavior [ RunTime:0.000626s ]
INFO: [ app_begin ] --END-- [ RunTime:0.000717s ]
ERR: 非法操作:Application

[ 2016-10-04T13:34:45+08:00 ] 127.0.0.1 /ThinkPHP/ThinkPHP/index.php/admin/Manager/index
INFO: [ app_init ] --START--
INFO: Run Behavior\BuildLiteBehavior [ RunTime:0.000030s ]
INFO: [ app_init ] --END-- [ RunTime:0.000633s ]
INFO: [ app_begin ] --START--
INFO: Run Behavior\ReadHtmlCacheBehavior [ RunTime:0.000612s ]
INFO: [ app_begin ] --END-- [ RunTime:0.000695s ]
INFO: [ view_parse ] --START--
INFO: [ template_filter ] --START--
INFO: Run Behavior\ContentReplaceBehavior [ RunTime:0.000046s ]
INFO: [ template_filter ] --END-- [ RunTime:0.000122s ]
INFO: Run Behavior\ParseTemplateBehavior [ RunTime:0.005810s ]
INFO: [ view_parse ] --END-- [ RunTime:0.005900s ]
INFO: [ view_filter ] --START--
INFO: Run Behavior\WriteHtmlCacheBehavior [ RunTime:0.000272s ]
INFO: [ view_filter ] --END-- [ RunTime:0.000321s ]
INFO: [ app_end ] --START--
INFO: Run Behavior\ShowPageTraceBehavior [ RunTime:0.000473s ]
INFO: [ app_end ] --END-- [ RunTime:0.000523s ]

[ 2016-10-04T13:34:46+08:00 ] 127.0.0.1 /ThinkPHP/ThinkPHP/index.php/admin/Manager/head.html
INFO: [ app_init ] --START--
INFO: Run Behavior\BuildLiteBehavior [ RunTime:0.000026s ]
INFO: [ app_init ] --END-- [ RunTime:0.000476s ]
INFO: [ app_begin ] --START--
INFO: Run Behavior\ReadHtmlCacheBehavior [ RunTime:0.000643s ]
INFO: [ app_begin ] --END-- [ RunTime:0.000741s ]
INFO: [ view_parse ] --START--
INFO: [ template_filter ] --START--
INFO: Run Behavior\ContentReplaceBehavior [ RunTime:0.000078s ]
INFO: [ template_filter ] --END-- [ RunTime:0.000197s ]
INFO: Run Behavior\ParseTemplateBehavior [ RunTime:0.011654s ]
INFO: [ view_parse ] --END-- [ RunTime:0.011811s ]
INFO: [ view_filter ] --START--
INFO: Run Behavior\WriteHtmlCacheBehavior [ RunTime:0.000487s ]
INFO: [ view_filter ] --END-- [ RunTime:0.000609s ]
INFO: [ app_end ] --START--
INFO: Run Behavior\ShowPageTraceBehavior [ RunTime:0.000753s ]
INFO: [ app_end ] --END-- [ RunTime:0.000890s ]

[ 2016-10-04T13:34:46+08:00 ] 127.0.0.1 /ThinkPHP/ThinkPHP/index.php/admin/Manager/left.html
INFO: [ app_init ] --START--
INFO: Run Behavior\BuildLiteBehavior [ RunTime:0.000019s ]
INFO: [ app_init ] --END-- [ RunTime:0.000548s ]
INFO: [ app_begin ] --START--
INFO: Run Behavior\ReadHtmlCacheBehavior [ RunTime:0.000972s ]
INFO: [ app_begin ] --END-- [ RunTime:0.001087s ]
INFO: [ view_parse ] --START--
INFO: [ template_filter ] --START--
INFO: Run Behavior\ContentReplaceBehavior [ RunTime:0.000171s ]
INFO: [ template_filter ] --END-- [ RunTime:0.000299s ]
INFO: Run Behavior\ParseTemplateBehavior [ RunTime:0.034666s ]
INFO: [ view_parse ] --END-- [ RunTime:0.034816s ]
INFO: [ view_filter ] --START--
INFO: Run Behavior\WriteHtmlCacheBehavior [ RunTime:0.000565s ]
INFO: [ view_filter ] --END-- [ RunTime:0.000674s ]
INFO: [ app_end ] --START--
INFO: Run Behavior\ShowPageTraceBehavior [ RunTime:0.001010s ]
INFO: [ app_end ] --END-- [ RunTime:0.001136s ]

[ 2016-10-04T13:34:46+08:00 ] 127.0.0.1 /ThinkPHP/ThinkPHP/index.php/admin/Manager/right.html
INFO: [ app_init ] --START--
INFO: Run Behavior\BuildLiteBehavior [ RunTime:0.000021s ]
INFO: [ app_init ] --END-- [ RunTime:0.000587s ]
INFO: [ app_begin ] --START--
INFO: Run Behavior\ReadHtmlCacheBehavior [ RunTime:0.000917s ]
INFO: [ app_begin ] --END-- [ RunTime:0.001027s ]
INFO: [ view_parse ] --START--
INFO: [ template_filter ] --START--
INFO: Run Behavior\ContentReplaceBehavior [ RunTime:0.000087s ]
INFO: [ template_filter ] --END-- [ RunTime:0.000205s ]
INFO: Run Behavior\ParseTemplateBehavior [ RunTime:0.011122s ]
INFO: [ view_parse ] --END-- [ RunTime:0.011274s ]
INFO: [ view_filter ] --START--
INFO: Run Behavior\WriteHtmlCacheBehavior [ RunTime:0.000528s ]
INFO: [ view_filter ] --END-- [ RunTime:0.000610s ]
INFO: [ app_end ] --START--
INFO: Run Behavior\ShowPageTraceBehavior [ RunTime:0.000666s ]
INFO: [ app_end ] --END-- [ RunTime:0.000749s ]

[ 2016-10-04T13:34:46+08:00 ] 127.0.0.1 /ThinkPHP/ThinkPHP/index.php/admin/Manager/Application/Admin/Public/css/admin.css
INFO: [ app_init ] --START--
INFO: Run Behavior\BuildLiteBehavior [ RunTime:0.000015s ]
INFO: [ app_init ] --END-- [ RunTime:0.000342s ]
INFO: [ app_begin ] --START--
INFO: Run Behavior\ReadHtmlCacheBehavior [ RunTime:0.000845s ]
INFO: [ app_begin ] --END-- [ RunTime:0.000977s ]
ERR: 非法操作:Application

[ 2016-10-04T14:21:42+08:00 ] 127.0.0.1 /ThinkPHP/ThinkPHP/index.php/admin/login/test1
ERR: Think\Controller:managertest1方法不存在！

[ 2016-10-04T21:20:51+08:00 ] 127.0.0.1 /ThinkPHP/ThinkPHP/index.php/admin/goods/test2
ERR: 非法操作:test2

[ 2016-10-04T21:21:36+08:00 ] 127.0.0.1 /ThinkPHP/ThinkPHP/index.php/admin/goods/test34
ERR: 非法操作:test34

[ 2016-10-04T21:22:03+08:00 ] 127.0.0.1 /ThinkPHP/ThinkPHP/index.php/admin/goods/test34
ERR: 非法操作:test34

[ 2016-10-04T21:22:16+08:00 ] 127.0.0.1 /ThinkPHP/ThinkPHP/index.php/admin/goods/test34
ERR: 非法操作:test34

[ 2016-10-04T21:23:48+08:00 ] 127.0.0.1 /ThinkPHP/ThinkPHP/index.php/admin/login/test
ERR: 非法操作:test

[ 2016-10-04T21:23:53+08:00 ] 127.0.0.1 /ThinkPHP/ThinkPHP/index.php/admin/login/test
ERR: 非法操作:test

[ 2016-10-04T21:26:08+08:00 ] 127.0.0.1 /ThinkPHP/ThinkPHP/index.php/admin/goods/test23
ERR: 非法操作:test23

[ 2016-10-04T21:27:14+08:00 ] 127.0.0.1 /ThinkPHP/ThinkPHP/index.php/admin/goods/test23
ERR: 非法操作:test23

[ 2016-10-04T21:34:04+08:00 ] 127.0.0.1 /ThinkPHP/ThinkPHP/index.php/admin/goods/test3
ERR: 1054:Unknown column 'goods_price1' in 'field list'
 [ SQL语句 ] : SELECT MAX(goods_price1) AS tp_max FROM `sw_goods` LIMIT 1  

[ 2016-10-04T21:35:06+08:00 ] 127.0.0.1 /ThinkPHP/ThinkPHP/index.php/admin/goods/test4
ERR: 1364:Field 'abc' doesn't have a default value
 [ SQL语句 ] : INSERT INTO `sw_goods` (`goods_name`,`goods_price`) VALUES ('手机','2300')

[ 2016-10-04T21:36:55+08:00 ] 127.0.0.1 /ThinkPHP/ThinkPHP/index.php/admin/goods/test4
ERR: 1364:Field 'abc' doesn't have a default value
 [ SQL语句 ] : INSERT INTO `sw_goods` (`goods_name`,`goods_price`) VALUES ('电视','1000')

[ 2016-10-04T21:41:33+08:00 ] 127.0.0.1 /ThinkPHP/ThinkPHP/index.php/admin/goods/test5
ERR: 1264:Out of range value for column 'goods_price' at row 1
 [ SQL语句 ] : UPDATE `sw_goods` SET `goods_name`='手机的222222222222',`goods_price`='2333333333333' WHERE `goods_id` = 137

